app/build/intermediates/manifest_merge_blame_file/debug/manifest-merger-blame-debug-report.txt
1<?xml version="1.0" encoding="utf-8"?>
2<manifest xmlns:android="http://schemas.android.com/apk/res/android"
3    package="com.roaddefect.driverapp"
4    android:versionCode="1"
5    android:versionName="1.0" >
6
7    <uses-sdk
8        android:minSdkVersion="26"
9        android:targetSdkVersion="34" />
10
11    <!-- Camera permissions -->
12    <uses-feature
12-->src/main/AndroidManifest.xml:6:5-84
13        android:name="android.hardware.camera"
13-->src/main/AndroidManifest.xml:6:19-57
14        android:required="true" />
14-->src/main/AndroidManifest.xml:6:58-81
15
16    <uses-permission android:name="android.permission.CAMERA" />
16-->src/main/AndroidManifest.xml:7:5-65
16-->src/main/AndroidManifest.xml:7:22-62
17
18    <!-- Location permissions -->
19    <uses-permission android:name="android.permission.ACCESS_FINE_LOCATION" />
19-->src/main/AndroidManifest.xml:10:5-79
19-->src/main/AndroidManifest.xml:10:22-76
20    <uses-permission android:name="android.permission.ACCESS_COARSE_LOCATION" />
20-->src/main/AndroidManifest.xml:11:5-81
20-->src/main/AndroidManifest.xml:11:22-78
21
22    <!-- Storage permissions -->
23    <uses-permission
23-->src/main/AndroidManifest.xml:14:5-15:38
24        android:name="android.permission.WRITE_EXTERNAL_STORAGE"
24-->src/main/AndroidManifest.xml:14:22-78
25        android:maxSdkVersion="32" />
25-->src/main/AndroidManifest.xml:15:9-35
26    <uses-permission
26-->src/main/AndroidManifest.xml:16:5-17:38
27        android:name="android.permission.READ_EXTERNAL_STORAGE"
27-->src/main/AndroidManifest.xml:16:22-77
28        android:maxSdkVersion="32" />
28-->src/main/AndroidManifest.xml:17:9-35
29
30    <!-- Internet for WiFi upload -->
31    <uses-permission android:name="android.permission.INTERNET" />
31-->src/main/AndroidManifest.xml:20:5-67
31-->src/main/AndroidManifest.xml:20:22-64
32    <uses-permission android:name="android.permission.ACCESS_NETWORK_STATE" />
32-->src/main/AndroidManifest.xml:21:5-79
32-->src/main/AndroidManifest.xml:21:22-76
33    <uses-permission android:name="android.permission.ACCESS_WIFI_STATE" />
33-->src/main/AndroidManifest.xml:22:5-76
33-->src/main/AndroidManifest.xml:22:22-73
34
35    <!-- Foreground service for background recording -->
36    <uses-permission android:name="android.permission.FOREGROUND_SERVICE" />
36-->src/main/AndroidManifest.xml:25:5-77
36-->src/main/AndroidManifest.xml:25:22-74
37    <uses-permission android:name="android.permission.FOREGROUND_SERVICE_LOCATION" />
37-->src/main/AndroidManifest.xml:26:5-86
37-->src/main/AndroidManifest.xml:26:22-83
38    <uses-permission android:name="android.permission.FOREGROUND_SERVICE_CAMERA" />
38-->src/main/AndroidManifest.xml:27:5-84
38-->src/main/AndroidManifest.xml:27:22-81
39
40    <!-- Sensor access -->
41    <uses-permission android:name="android.permission.HIGH_SAMPLING_RATE_SENSORS" />
41-->src/main/AndroidManifest.xml:30:5-85
41-->src/main/AndroidManifest.xml:30:22-82
42
43    <!-- Wake lock to keep screen on during recording -->
44    <uses-permission android:name="android.permission.WAKE_LOCK" />
44-->src/main/AndroidManifest.xml:33:5-68
44-->src/main/AndroidManifest.xml:33:22-65
45
46    <permission
46-->[androidx.core:core:1.12.0] AndroidManifest.xml:22:5-24:47
47        android:name="com.roaddefect.driverapp.DYNAMIC_RECEIVER_NOT_EXPORTED_PERMISSION"
47-->[androidx.core:core:1.12.0] AndroidManifest.xml:23:9-81
48        android:protectionLevel="signature" />
48-->[androidx.core:core:1.12.0] AndroidManifest.xml:24:9-44
49
50    <uses-permission android:name="com.roaddefect.driverapp.DYNAMIC_RECEIVER_NOT_EXPORTED_PERMISSION" />
50-->[androidx.core:core:1.12.0] AndroidManifest.xml:26:5-97
50-->[androidx.core:core:1.12.0] AndroidManifest.xml:26:22-94
51
52    <application
52-->src/main/AndroidManifest.xml:35:5-68:19
53        android:allowBackup="true"
53-->src/main/AndroidManifest.xml:36:9-35
54        android:appComponentFactory="androidx.core.app.CoreComponentFactory"
54-->[androidx.core:core:1.12.0] AndroidManifest.xml:28:18-86
55        android:dataExtractionRules="@xml/data_extraction_rules"
55-->src/main/AndroidManifest.xml:37:9-65
56        android:debuggable="true"
57        android:extractNativeLibs="false"
58        android:fullBackupContent="@xml/backup_rules"
58-->src/main/AndroidManifest.xml:38:9-54
59        android:icon="@mipmap/ic_launcher"
59-->src/main/AndroidManifest.xml:39:9-43
60        android:label="@string/app_name"
60-->src/main/AndroidManifest.xml:40:9-41
61        android:roundIcon="@mipmap/ic_launcher_round"
61-->src/main/AndroidManifest.xml:41:9-54
62        android:supportsRtl="true"
62-->src/main/AndroidManifest.xml:42:9-35
63        android:testOnly="true"
64        android:theme="@style/Theme.DriverApp" >
64-->src/main/AndroidManifest.xml:43:9-47
65        <activity
65-->src/main/AndroidManifest.xml:46:9-55:20
66            android:name="com.roaddefect.driverapp.MainActivity"
66-->src/main/AndroidManifest.xml:47:13-41
67            android:exported="true"
67-->src/main/AndroidManifest.xml:48:13-36
68            android:screenOrientation="portrait"
68-->src/main/AndroidManifest.xml:50:13-49
69            android:theme="@style/Theme.DriverApp" >
69-->src/main/AndroidManifest.xml:49:13-51
70            <intent-filter>
70-->src/main/AndroidManifest.xml:51:13-54:29
71                <action android:name="android.intent.action.MAIN" />
71-->src/main/AndroidManifest.xml:52:17-69
71-->src/main/AndroidManifest.xml:52:25-66
72
73                <category android:name="android.intent.category.LAUNCHER" />
73-->src/main/AndroidManifest.xml:53:17-77
73-->src/main/AndroidManifest.xml:53:27-74
74            </intent-filter>
75        </activity>
76
77        <!-- File provider for camera -->
78        <provider
79            android:name="androidx.core.content.FileProvider"
79-->src/main/AndroidManifest.xml:59:13-62
80            android:authorities="com.roaddefect.driverapp.fileprovider"
80-->src/main/AndroidManifest.xml:60:13-64
81            android:exported="false"
81-->src/main/AndroidManifest.xml:61:13-37
82            android:grantUriPermissions="true" >
82-->src/main/AndroidManifest.xml:62:13-47
83            <meta-data
83-->src/main/AndroidManifest.xml:63:13-65:54
84                android:name="android.support.FILE_PROVIDER_PATHS"
84-->src/main/AndroidManifest.xml:64:17-67
85                android:resource="@xml/file_paths" />
85-->src/main/AndroidManifest.xml:65:17-51
86        </provider>
87
88        <service
88-->[androidx.camera:camera-camera2:1.3.1] AndroidManifest.xml:24:9-33:19
89            android:name="androidx.camera.core.impl.MetadataHolderService"
89-->[androidx.camera:camera-camera2:1.3.1] AndroidManifest.xml:25:13-75
90            android:enabled="false"
90-->[androidx.camera:camera-camera2:1.3.1] AndroidManifest.xml:26:13-36
91            android:exported="false" >
91-->[androidx.camera:camera-camera2:1.3.1] AndroidManifest.xml:27:13-37
92            <meta-data
92-->[androidx.camera:camera-camera2:1.3.1] AndroidManifest.xml:30:13-32:89
93                android:name="androidx.camera.core.impl.MetadataHolderService.DEFAULT_CONFIG_PROVIDER"
93-->[androidx.camera:camera-camera2:1.3.1] AndroidManifest.xml:31:17-103
94                android:value="androidx.camera.camera2.Camera2Config$DefaultProvider" />
94-->[androidx.camera:camera-camera2:1.3.1] AndroidManifest.xml:32:17-86
95        </service>
96
97        <activity
97-->[com.google.android.gms:play-services-base:18.1.0] AndroidManifest.xml:20:9-22:45
98            android:name="com.google.android.gms.common.api.GoogleApiActivity"
98-->[com.google.android.gms:play-services-base:18.1.0] AndroidManifest.xml:20:19-85
99            android:exported="false"
99-->[com.google.android.gms:play-services-base:18.1.0] AndroidManifest.xml:22:19-43
100            android:theme="@android:style/Theme.Translucent.NoTitleBar" />
100-->[com.google.android.gms:play-services-base:18.1.0] AndroidManifest.xml:21:19-78
101
102        <meta-data
102-->[com.google.android.gms:play-services-basement:18.1.0] AndroidManifest.xml:21:9-23:69
103            android:name="com.google.android.gms.version"
103-->[com.google.android.gms:play-services-basement:18.1.0] AndroidManifest.xml:22:13-58
104            android:value="@integer/google_play_services_version" />
104-->[com.google.android.gms:play-services-basement:18.1.0] AndroidManifest.xml:23:13-66
105
106        <activity
106-->[androidx.compose.ui:ui-test-manifest:1.6.8] AndroidManifest.xml:23:9-25:39
107            android:name="androidx.activity.ComponentActivity"
107-->[androidx.compose.ui:ui-test-manifest:1.6.8] AndroidManifest.xml:24:13-63
108            android:exported="true" />
108-->[androidx.compose.ui:ui-test-manifest:1.6.8] AndroidManifest.xml:25:13-36
109        <activity
109-->[androidx.compose.ui:ui-tooling-android:1.6.8] AndroidManifest.xml:23:9-25:39
110            android:name="androidx.compose.ui.tooling.PreviewActivity"
110-->[androidx.compose.ui:ui-tooling-android:1.6.8] AndroidManifest.xml:24:13-71
111            android:exported="true" />
111-->[androidx.compose.ui:ui-tooling-android:1.6.8] AndroidManifest.xml:25:13-36
112
113        <provider
113-->[androidx.emoji2:emoji2:1.3.0] AndroidManifest.xml:24:9-32:20
114            android:name="androidx.startup.InitializationProvider"
114-->[androidx.emoji2:emoji2:1.3.0] AndroidManifest.xml:25:13-67
115            android:authorities="com.roaddefect.driverapp.androidx-startup"
115-->[androidx.emoji2:emoji2:1.3.0] AndroidManifest.xml:26:13-68
116            android:exported="false" >
116-->[androidx.emoji2:emoji2:1.3.0] AndroidManifest.xml:27:13-37
117            <meta-data
117-->[androidx.emoji2:emoji2:1.3.0] AndroidManifest.xml:29:13-31:52
118                android:name="androidx.emoji2.text.EmojiCompatInitializer"
118-->[androidx.emoji2:emoji2:1.3.0] AndroidManifest.xml:30:17-75
119                android:value="androidx.startup" />
119-->[androidx.emoji2:emoji2:1.3.0] AndroidManifest.xml:31:17-49
120            <meta-data
120-->[androidx.lifecycle:lifecycle-process:2.7.0] AndroidManifest.xml:29:13-31:52
121                android:name="androidx.lifecycle.ProcessLifecycleInitializer"
121-->[androidx.lifecycle:lifecycle-process:2.7.0] AndroidManifest.xml:30:17-78
122                android:value="androidx.startup" />
122-->[androidx.lifecycle:lifecycle-process:2.7.0] AndroidManifest.xml:31:17-49
123            <meta-data
123-->[androidx.profileinstaller:profileinstaller:1.3.0] AndroidManifest.xml:29:13-31:52
124                android:name="androidx.profileinstaller.ProfileInstallerInitializer"
124-->[androidx.profileinstaller:profileinstaller:1.3.0] AndroidManifest.xml:30:17-85
125                android:value="androidx.startup" />
125-->[androidx.profileinstaller:profileinstaller:1.3.0] AndroidManifest.xml:31:17-49
126        </provider>
127
128        <receiver
128-->[androidx.profileinstaller:profileinstaller:1.3.0] AndroidManifest.xml:34:9-52:20
129            android:name="androidx.profileinstaller.ProfileInstallReceiver"
129-->[androidx.profileinstaller:profileinstaller:1.3.0] AndroidManifest.xml:35:13-76
130            android:directBootAware="false"
130-->[androidx.profileinstaller:profileinstaller:1.3.0] AndroidManifest.xml:36:13-44
131            android:enabled="true"
131-->[androidx.profileinstaller:profileinstaller:1.3.0] AndroidManifest.xml:37:13-35
132            android:exported="true"
132-->[androidx.profileinstaller:profileinstaller:1.3.0] AndroidManifest.xml:38:13-36
133            android:permission="android.permission.DUMP" >
133-->[androidx.profileinstaller:profileinstaller:1.3.0] AndroidManifest.xml:39:13-57
134            <intent-filter>
134-->[androidx.profileinstaller:profileinstaller:1.3.0] AndroidManifest.xml:40:13-42:29
135                <action android:name="androidx.profileinstaller.action.INSTALL_PROFILE" />
135-->[androidx.profileinstaller:profileinstaller:1.3.0] AndroidManifest.xml:41:17-91
135-->[androidx.profileinstaller:profileinstaller:1.3.0] AndroidManifest.xml:41:25-88
136            </intent-filter>
137            <intent-filter>
137-->[androidx.profileinstaller:profileinstaller:1.3.0] AndroidManifest.xml:43:13-45:29
138                <action android:name="androidx.profileinstaller.action.SKIP_FILE" />
138-->[androidx.profileinstaller:profileinstaller:1.3.0] AndroidManifest.xml:44:17-85
138-->[androidx.profileinstaller:profileinstaller:1.3.0] AndroidManifest.xml:44:25-82
139            </intent-filter>
140            <intent-filter>
140-->[androidx.profileinstaller:profileinstaller:1.3.0] AndroidManifest.xml:46:13-48:29
141                <action android:name="androidx.profileinstaller.action.SAVE_PROFILE" />
141-->[androidx.profileinstaller:profileinstaller:1.3.0] AndroidManifest.xml:47:17-88
141-->[androidx.profileinstaller:profileinstaller:1.3.0] AndroidManifest.xml:47:25-85
142            </intent-filter>
143            <intent-filter>
143-->[androidx.profileinstaller:profileinstaller:1.3.0] AndroidManifest.xml:49:13-51:29
144                <action android:name="androidx.profileinstaller.action.BENCHMARK_OPERATION" />
144-->[androidx.profileinstaller:profileinstaller:1.3.0] AndroidManifest.xml:50:17-95
144-->[androidx.profileinstaller:profileinstaller:1.3.0] AndroidManifest.xml:50:25-92
145            </intent-filter>
146        </receiver>
147    </application>
148
149</manifest>